d:\dandan\dx11\mydemo\clear\clear\release\vc120.pdb
d:\dandan\dx11\mydemo\clear\clear\release\texturemgr.obj
d:\dandan\dx11\mydemo\clear\clear\release\skinnedmodel.obj
d:\dandan\dx11\mydemo\clear\clear\release\meshgeometry.obj
d:\dandan\dx11\mydemo\clear\clear\release\loadm3d.obj
d:\dandan\dx11\mydemo\clear\clear\release\basicmodel.obj
d:\dandan\dx11\mydemo\clear\clear\release\leona.obj
d:\dandan\dx11\mydemo\clear\clear\release\basiceffect.obj
d:\dandan\dx11\mydemo\clear\clear\release\animateeffect.obj
d:\dandan\dx11\mydemo\clear\clear\release\xnacollision.obj
d:\dandan\dx11\mydemo\clear\clear\release\mathhelper.obj
d:\dandan\dx11\mydemo\clear\clear\release\globlevariable.obj
d:\dandan\dx11\mydemo\clear\clear\release\geometry.obj
d:\dandan\dx11\mydemo\clear\clear\release\gametimer.obj
d:\dandan\dx11\mydemo\clear\clear\release\effect.obj
d:\dandan\dx11\mydemo\clear\clear\release\d3dutil.obj
d:\dandan\dx11\mydemo\clear\clear\release\d3dapp.obj
d:\dandan\dx11\mydemo\clear\clear\release\camera.obj
d:\dandan\dx11\mydemo\clear\clear\release\clear.obj
d:\dandan\dx11\mydemo\clear\clear\release\box.obj
d:\dandan\dx11\mydemo\clear\clear\release\bloodstrip.obj
d:\dandan\dx11\mydemo\clear\clear\release\zombie.obj
d:\dandan\dx11\mydemo\clear\clear\release\gamesound.obj
d:\dandan\dx11\mydemo\clear\clear\release\skinneddata.obj
d:\dandan\dx11\mydemo\clear\clear\release\directinputclass.obj
d:\dandan\dx11\mydemo\clear\clear\release\myutil.obj
d:\dandan\dx11\mydemo\clear\clear\release\clear.tlog\cl.command.1.tlog
d:\dandan\dx11\mydemo\clear\clear\release\clear.tlog\cl.read.1.tlog
d:\dandan\dx11\mydemo\clear\clear\release\clear.tlog\cl.write.1.tlog
d:\dandan\dx11\mydemo\clear\clear\release\clear.tlog\link.command.1.tlog
d:\dandan\dx11\mydemo\clear\clear\release\clear.tlog\link.read.1.tlog
d:\dandan\dx11\mydemo\clear\clear\release\clear.tlog\link.write.1.tlog
