d:\dandan\dx11\mydemo\clear\clear\debug\vc120.pdb
d:\dandan\dx11\mydemo\clear\clear\debug\vc120.idb
d:\dandan\dx11\mydemo\clear\clear\debug\d3dutil.obj
d:\dandan\dx11\mydemo\clear\clear\debug\effect.obj
d:\dandan\dx11\mydemo\clear\clear\debug\gametimer.obj
d:\dandan\dx11\mydemo\clear\clear\debug\geometry.obj
d:\dandan\dx11\mydemo\clear\clear\debug\globlevariable.obj
d:\dandan\dx11\mydemo\clear\clear\debug\mathhelper.obj
d:\dandan\dx11\mydemo\clear\clear\debug\xnacollision.obj
d:\dandan\dx11\mydemo\clear\clear\debug\animateeffect.obj
d:\dandan\dx11\mydemo\clear\clear\debug\basiceffect.obj
d:\dandan\dx11\mydemo\clear\clear\debug\leona.obj
d:\dandan\dx11\mydemo\clear\clear\debug\basicmodel.obj
d:\dandan\dx11\mydemo\clear\clear\debug\loadm3d.obj
d:\dandan\dx11\mydemo\clear\clear\debug\meshgeometry.obj
d:\dandan\dx11\mydemo\clear\clear\debug\skinnedmodel.obj
d:\dandan\dx11\mydemo\clear\clear\debug\texturemgr.obj
d:\dandan\dx11\mydemo\clear\clear\debug\myutil.obj
d:\dandan\dx11\mydemo\clear\clear\debug\directinputclass.obj
d:\dandan\dx11\mydemo\clear\clear\debug\skinneddata.obj
d:\dandan\dx11\mydemo\clear\clear\debug\gamesound.obj
d:\dandan\dx11\mydemo\clear\clear\debug\zombie.obj
d:\dandan\dx11\mydemo\clear\clear\debug\bloodstrip.obj
d:\dandan\dx11\mydemo\clear\clear\debug\box.obj
d:\dandan\dx11\mydemo\clear\clear\debug\clear.obj
d:\dandan\dx11\mydemo\clear\clear\debug\camera.obj
d:\dandan\dx11\mydemo\clear\clear\debug\d3dapp.obj
d:\dandan\dx11\mydemo\clear\debug\clear.ilk
d:\dandan\dx11\mydemo\clear\debug\clear.exe
d:\dandan\dx11\mydemo\clear\debug\clear.pdb
d:\dandan\dx11\mydemo\clear\clear\debug\clear.tlog\cl.command.1.tlog
d:\dandan\dx11\mydemo\clear\clear\debug\clear.tlog\cl.read.1.tlog
d:\dandan\dx11\mydemo\clear\clear\debug\clear.tlog\cl.write.1.tlog
d:\dandan\dx11\mydemo\clear\clear\debug\clear.tlog\link.command.1.tlog
d:\dandan\dx11\mydemo\clear\clear\debug\clear.tlog\link.read.1.tlog
d:\dandan\dx11\mydemo\clear\clear\debug\clear.tlog\link.write.1.tlog
